12:25:18.801 [main                     ] DEBUG Logger               - Configured Logger
12:25:18.811 [main                     ] DEBUG GameApplication      - Logging settings
Title: TobeyMazes
Version: 0.9.45
Width: 1280
Height: 720
Fullscreen: true
Intro: false
Profiling: false
Single step:false
App Mode: DEVELOPER
Menu Key: ESCAPE
Stage Style: DECORATED
Scene Factory: class com.almasb.fxgl.app.scene.SceneFactory

12:25:19.141 [JavaFX Application Thread] DEBUG FXGLApplication      - Initializing FXGL
12:25:19.143 [JavaFX Application Thread] INFO  Engine               - FXGL-21.1 (27.03.2024 07.52) on WINDOWS (J:21.0.8 FX:21.0.1)
12:25:19.143 [JavaFX Application Thread] DEBUG Engine               - JRE Vendor Name: Eclipse Adoptium
12:25:19.143 [JavaFX Application Thread] DEBUG Engine               - Running on OS: Windows 11 version 10.0
12:25:19.143 [JavaFX Application Thread] DEBUG Engine               - Architecture: amd64
12:25:19.143 [JavaFX Application Thread] INFO  Engine               - Source code and latest versions at: https://github.com/AlmasB/FXGL
12:25:19.143 [JavaFX Application Thread] INFO  Engine               -       Ask questions and discuss at: https://github.com/AlmasB/FXGL/discussions
12:25:19.143 [JavaFX Application Thread] INFO  Engine               -              Join the FXGL chat at: https://gitter.im/AlmasB/FXGL
12:25:19.215 [JavaFX Application Thread] DEBUG PrimaryStageWindow   - Creating a JavaFX scene
12:25:19.245 [JavaFX Application Thread] DEBUG PrimaryStageWindow   - Target settings size: 1280.0 x 720.0
12:25:19.245 [JavaFX Application Thread] DEBUG PrimaryStageWindow   - Scaled scene size:    1280.0 x 720.0
12:25:19.245 [JavaFX Application Thread] DEBUG PrimaryStageWindow   - Scaled ratio: (1.0, 1.0)
12:25:19.246 [JavaFX Application Thread] DEBUG PrimaryStageWindow   - Set initial scene to FXGLStartupScene
12:25:19.248 [JavaFX Application Thread] DEBUG PrimaryStageWindow   - Opening main window
12:25:19.321 [JavaFX Application Thread] DEBUG PrimaryStageWindow   - Window border size: (16.0, 39.0)
12:25:19.321 [JavaFX Application Thread] DEBUG PrimaryStageWindow   - Scaled size: 1280.0 x 720.0
12:25:19.321 [JavaFX Application Thread] DEBUG PrimaryStageWindow   - Scaled ratio: (1.0, 1.0)
12:25:19.323 [JavaFX Application Thread] DEBUG PrimaryStageWindow   - Scene size: 1280.0 x 720.0
12:25:19.323 [JavaFX Application Thread] DEBUG PrimaryStageWindow   - Stage size: 1296.0 x 759.0
12:25:19.327 [FXGL Background Thread 1 ] DEBUG Engine               - Initializing environment variables
12:25:19.359 [FXGL Background Thread 1 ] DEBUG FXGLAssetLoaderServi - User app class for loading assets: class sk.tuke.gamestudio.game.logicalmazes.ui.fxgl.FxglApp
12:25:19.359 [FXGL Background Thread 1 ] DEBUG GameApplicationServi - Applying CSS: fxgl_dark.css
12:25:19.361 [FXGL Background Thread 1 ] DEBUG FXGLAssetLoaderServi - Loading from file system: jar:file:/C:/Users/Valik/.m2/repository/com/github/almasb/fxgl/21.1/fxgl-21.1.jar!/fxglassets/ui/css/fxgl_dark.css
12:25:19.387 [FXGL Background Thread 1 ] DEBUG GameApplicationServi - Initializing application scenes
12:25:19.411 [FXGL Background Thread 1 ] DEBUG GameWorld            - Game world initialized
12:25:19.442 [FXGL Background Thread 1 ] DEBUG PhysicsWorld         - Physics world initialized: appHeight=720, physics.ppm=50.0
12:25:19.442 [FXGL Background Thread 1 ] DEBUG PhysicsWorld         - Using strategy: BRUTE_FORCE
12:25:19.443 [FXGL Background Thread 1 ] DEBUG GameScene            - Game scene initialized: 1280x720
12:25:19.451 [FXGL Background Thread 1 ] DEBUG FXGL.DefaultMenu     - createMenuBodyGameMenu()
12:25:19.461 [FXGL Background Thread 1 ] DEBUG FXGL.DefaultMenu     - createOptionsMenu()
12:25:19.472 [FXGL Background Thread 1 ] DEBUG FXGLAssetLoaderServi - Loading from file system: jar:file:/C:/Users/Valik/.m2/repository/com/github/almasb/fxgl/21.1/fxgl-21.1.jar!/fxglassets/textures/particles/smoke.png
12:25:19.520 [FXGL Background Thread 1 ] DEBUG FXGLAssetLoaderServi - Loading from file system: jar:file:/C:/Users/Valik/.m2/repository/com/github/almasb/fxgl/21.1/fxgl-21.1.jar!/fxglassets/textures/particles/trace_horizontal.png
12:25:19.528 [FXGL Background Thread 1 ] DEBUG GameApplicationServi - Application scenes initialized
12:25:19.539 [FXGL Background Thread 1 ] DEBUG SystemBundleService  - Loading FXGL system data
12:25:19.539 [FXGL Background Thread 1 ] DEBUG FileSystemAccess     - Reading from: F:\programming\JavaProjects\gamestudio-10984\system\fxgl.bundle
12:25:19.542 [FXGL Background Thread 1 ] DEBUG SystemBundleService  - Bundle FXGL: {}
12:25:19.542 [FXGL Background Thread 1 ] DEBUG UpdaterService       - Checking for updates
12:25:19.544 [FXGL Background Thread 4 ] DEBUG FXGLApplication      - Loading fonts
12:25:19.544 [FXGL Background Thread 4 ] DEBUG FXGLAssetLoaderServi - Loading from file system: jar:file:/C:/Users/Valik/.m2/repository/com/github/almasb/fxgl/21.1/fxgl-21.1.jar!/fxglassets/ui/fonts/VarelaRound-Regular.ttf
12:25:19.545 [FXGL Background Thread 1 ] DEBUG FXGLApplication      - Loading default localization
12:25:19.545 [FXGL Background Thread 1 ] DEBUG FXGLAssetLoaderServi - Loading from file system: jar:file:/C:/Users/Valik/.m2/repository/com/github/almasb/fxgl/21.1/fxgl-21.1.jar!/fxglassets/languages/english.lang
12:25:19.551 [FXGL Background Thread 4 ] DEBUG FXGLAssetLoaderServi - Loading from file system: jar:file:/C:/Users/Valik/.m2/repository/com/github/almasb/fxgl/21.1/fxgl-21.1.jar!/fxglassets/ui/fonts/Abel-Regular.ttf
12:25:19.553 [FXGL Background Thread 4 ] DEBUG FXGLAssetLoaderServi - Loading from file system: jar:file:/C:/Users/Valik/.m2/repository/com/github/almasb/fxgl/21.1/fxgl-21.1.jar!/fxglassets/ui/fonts/TerminalLandMono-Regular.otf
12:25:19.556 [FXGL Background Thread 4 ] DEBUG FXGLAssetLoaderServi - Loading from file system: jar:file:/C:/Users/Valik/.m2/repository/com/github/almasb/fxgl/21.1/fxgl-21.1.jar!/fxglassets/ui/fonts/Courier-Prime.ttf
12:25:19.559 [FXGL Background Thread 1 ] INFO  FXGLApplication      - FXGL initialization took: 0.231 sec
12:25:19.564 [JavaFX Application Thread] DEBUG Input                - Registered new binding: action0 - F11
12:25:19.564 [JavaFX Application Thread] DEBUG FXGLAssetLoaderServi - Loading from file system: jar:file:/C:/Users/Valik/.m2/repository/com/github/almasb/fxgl/21.1/fxgl-21.1.jar!/fxglassets/textures/fxgl_icon.png
12:25:19.575 [JavaFX Application Thread] DEBUG FXGLAssetLoaderServi - Loading from file system: jar:file:/C:/Users/Valik/.m2/repository/com/github/almasb/fxgl/21.1/fxgl-21.1.jar!/fxglassets/textures/fxgl_default_cursor.png
12:25:19.575 [JavaFX Application Thread] DEBUG Input                - Registered new binding: Screenshot - CTRL+8
12:25:19.576 [JavaFX Application Thread] DEBUG Input                - Registered new binding: System info dump - CTRL+9
12:25:19.576 [JavaFX Application Thread] DEBUG Input                - Registered new binding: Restart - CTRL+R
12:25:19.576 [JavaFX Application Thread] DEBUG Input                - Registered new binding: Toggle Debug Camera - CTRL+7
12:25:19.578 [JavaFX Application Thread] DEBUG LoopRunner           - Starting loop
12:25:19.578 [JavaFX Application Thread] DEBUG LoopRunner           - Initializing JavaFX AnimationTimerLoop
12:25:19.580 [JavaFX Application Thread] DEBUG GameApplicationServi - Starting new game
12:25:19.580 [JavaFX Application Thread] DEBUG Input                - Clearing active input actions
12:25:19.586 [JavaFX Application Thread] DEBUG GameApplicationServi - Removing overlay from FXGLStartupScene and adding to FXGLLoadingScene
12:25:19.588 [JavaFX Application Thread] DEBUG PrimaryStageWindow   - FXGLStartupScene -> FXGLLoadingScene
12:25:19.588 [JavaFX Application Thread] DEBUG GameApplicationServi - Clearing previous game
12:25:19.588 [JavaFX Application Thread] DEBUG GameScene            - Clearing game scene
12:25:19.588 [JavaFX Application Thread] DEBUG GameWorld            - Clearing game world
12:25:19.588 [JavaFX Application Thread] DEBUG PhysicsWorld         - Clearing physics world
12:25:19.588 [FXGL Background Thread 4 ] DEBUG FXGLApplication      - Initializing game
12:25:19.921 [FXGL Background Thread 2 ] INFO  UpdaterService       - Your current version:  21.1
12:25:19.922 [FXGL Background Thread 2 ] INFO  UpdaterService       - Latest stable version: 25
12:25:22.467 [FXGL Background Thread 4 ] INFO  FXGLApplication      - Game initialization took: 2.878 sec
12:25:22.472 [JavaFX Application Thread] DEBUG Input                - Clearing active input actions
12:25:22.475 [JavaFX Application Thread] DEBUG GameApplicationServi - Removing overlay from FXGLLoadingScene and adding to GameScene
12:25:22.475 [JavaFX Application Thread] DEBUG PrimaryStageWindow   - FXGLLoadingScene -> GameScene
12:25:22.494 [JavaFX Application Thread] DEBUG Input                - Registered new binding: NavUp - Up
12:25:22.494 [JavaFX Application Thread] DEBUG Input                - Registered new binding: NavDown - Down
12:25:22.494 [JavaFX Application Thread] DEBUG Input                - Registered new binding: NavLeft - Left
12:25:22.494 [JavaFX Application Thread] DEBUG Input                - Registered new binding: NavRight - Right
12:25:22.494 [JavaFX Application Thread] DEBUG Input                - Registered new binding: NavEnter - Enter
12:25:22.494 [JavaFX Application Thread] DEBUG Input                - Registered new binding: NavQuit - Q
12:25:22.544 [FXGL Background Thread 3 ] DEBUG Engine               - Logging environment variables
12:25:22.544 [FXGL Background Thread 3 ] DEBUG Engine               - achievements: []
12:25:22.544 [FXGL Background Thread 3 ] DEBUG Engine               - actualHeight: 720.0
12:25:22.545 [FXGL Background Thread 3 ] DEBUG Engine               - actualHeightProperty: ReadOnlyDoubleProperty [value: 720.0]
12:25:22.545 [FXGL Background Thread 3 ] DEBUG Engine               - actualWidth: 1280.0
12:25:22.545 [FXGL Background Thread 3 ] DEBUG Engine               - actualWidthProperty: ReadOnlyDoubleProperty [value: 1280.0]
12:25:22.545 [FXGL Background Thread 3 ] DEBUG Engine               - appIcon: fxgl_icon.png
12:25:22.545 [FXGL Background Thread 3 ] DEBUG Engine               - applicationMode: DEVELOPER
12:25:22.545 [FXGL Background Thread 3 ] DEBUG Engine               - cSSList: [fxgl_dark.css]
12:25:22.545 [FXGL Background Thread 3 ] DEBUG Engine               - collisionDetectionStrategy: BRUTE_FORCE
12:25:22.545 [FXGL Background Thread 3 ] DEBUG Engine               - configClass: Optional.empty
12:25:22.545 [FXGL Background Thread 3 ] DEBUG Engine               - credits: []
12:25:22.546 [FXGL Background Thread 3 ] DEBUG Engine               - defaultCursor: CursorInfo(imageName=fxgl_default_cursor.png, hotspotX=7.0, hotspotY=6.0)
12:25:22.546 [FXGL Background Thread 3 ] DEBUG Engine               - devBBoxColorProperty: ObjectProperty [value: 0xff0000ff]
12:25:22.546 [FXGL Background Thread 3 ] DEBUG Engine               - devEnableDebugCameraProperty: BooleanProperty [value: false]
12:25:22.546 [FXGL Background Thread 3 ] DEBUG Engine               - devSensorColorProperty: ObjectProperty [value: 0xffff00ff]
12:25:22.546 [FXGL Background Thread 3 ] DEBUG Engine               - devShowBBoxProperty: BooleanProperty [value: false]
12:25:22.546 [FXGL Background Thread 3 ] DEBUG Engine               - devShowPositionProperty: BooleanProperty [value: false]
12:25:22.546 [FXGL Background Thread 3 ] DEBUG Engine               - enabledMenuItems: []
12:25:22.547 [FXGL Background Thread 3 ] DEBUG Engine               - engineServices: [class com.almasb.fxgl.app.services.FXGLAssetLoaderService, class com.almasb.fxgl.app.FXGLApplication$GameApplicationService, class com.almasb.fxgl.app.services.FXGLDialogService, class com.almasb.fxgl.app.services.IOTaskExecutorService, class com.almasb.fxgl.io.FileSystemService, class com.almasb.fxgl.localization.LocalizationService, class com.almasb.fxgl.app.services.SystemBundleService, class com.almasb.fxgl.profile.SaveLoadService, class com.almasb.fxgl.ui.FXGLUIFactoryServiceProvider, class com.almasb.fxgl.ui.FXGLDialogFactoryServiceProvider, class com.almasb.fxgl.audio.AudioPlayer, class com.almasb.fxgl.notification.impl.NotificationServiceProvider, class com.almasb.fxgl.achievement.AchievementService, class com.almasb.fxgl.cutscene.CutsceneService, class com.almasb.fxgl.minigames.MiniGameService, class com.almasb.fxgl.net.NetService, class com.almasb.fxgl.app.services.UpdaterService, class com.almasb.fxgl.dev.DevService]
12:25:22.547 [FXGL Background Thread 3 ] DEBUG Engine               - fontGame: Abel-Regular.ttf
12:25:22.547 [FXGL Background Thread 3 ] DEBUG Engine               - fontMono: TerminalLandMono-Regular.otf
12:25:22.547 [FXGL Background Thread 3 ] DEBUG Engine               - fontSizeScaleUI: 1.0
12:25:22.547 [FXGL Background Thread 3 ] DEBUG Engine               - fontText: Courier-Prime.ttf
12:25:22.547 [FXGL Background Thread 3 ] DEBUG Engine               - fontUI: VarelaRound-Regular.ttf
12:25:22.547 [FXGL Background Thread 3 ] DEBUG Engine               - fullScreen: BooleanProperty [value: false]
12:25:22.547 [FXGL Background Thread 3 ] DEBUG Engine               - gameDifficulty: MEDIUM
12:25:22.547 [FXGL Background Thread 3 ] DEBUG Engine               - gameDifficultyProperty: ObjectProperty [value: MEDIUM]
12:25:22.547 [FXGL Background Thread 3 ] DEBUG Engine               - globalMusicVolume: 0.5
12:25:22.547 [FXGL Background Thread 3 ] DEBUG Engine               - globalMusicVolumeProperty: DoubleProperty [value: 0.5]
12:25:22.547 [FXGL Background Thread 3 ] DEBUG Engine               - globalSoundVolume: 0.5
12:25:22.547 [FXGL Background Thread 3 ] DEBUG Engine               - globalSoundVolumeProperty: DoubleProperty [value: 0.5]
12:25:22.547 [FXGL Background Thread 3 ] DEBUG Engine               - height: 720
12:25:22.547 [FXGL Background Thread 3 ] DEBUG Engine               - is3D: false
12:25:22.547 [FXGL Background Thread 3 ] DEBUG Engine               - isAndroid: false
12:25:22.547 [FXGL Background Thread 3 ] DEBUG Engine               - isBrowser: false
12:25:22.547 [FXGL Background Thread 3 ] DEBUG Engine               - isClickFeedbackEnabled: false
12:25:22.547 [FXGL Background Thread 3 ] DEBUG Engine               - isCloseConfirmation: false
12:25:22.547 [FXGL Background Thread 3 ] DEBUG Engine               - isDesktop: true
12:25:22.547 [FXGL Background Thread 3 ] DEBUG Engine               - isDeveloperMenuEnabled: false
12:25:22.547 [FXGL Background Thread 3 ] DEBUG Engine               - isEmbedded: false
12:25:22.547 [FXGL Background Thread 3 ] DEBUG Engine               - isEntityPreloadEnabled: true
12:25:22.547 [FXGL Background Thread 3 ] DEBUG Engine               - isExperimentalTiledLargeMap: false
12:25:22.547 [FXGL Background Thread 3 ] DEBUG Engine               - isFileSystemWriteAllowed: true
12:25:22.547 [FXGL Background Thread 3 ] DEBUG Engine               - isFullScreenAllowed: true
12:25:22.547 [FXGL Background Thread 3 ] DEBUG Engine               - isFullScreenFromStart: false
12:25:22.548 [FXGL Background Thread 3 ] DEBUG Engine               - isGameMenuEnabled: true
12:25:22.548 [FXGL Background Thread 3 ] DEBUG Engine               - isIOS: false
12:25:22.548 [FXGL Background Thread 3 ] DEBUG Engine               - isIntroEnabled: false
12:25:22.548 [FXGL Background Thread 3 ] DEBUG Engine               - isLinux: false
12:25:22.548 [FXGL Background Thread 3 ] DEBUG Engine               - isMac: false
12:25:22.548 [FXGL Background Thread 3 ] DEBUG Engine               - isMainMenuEnabled: false
12:25:22.548 [FXGL Background Thread 3 ] DEBUG Engine               - isManualResizeEnabled: true
12:25:22.548 [FXGL Background Thread 3 ] DEBUG Engine               - isMobile: false
12:25:22.548 [FXGL Background Thread 3 ] DEBUG Engine               - isNative: false
12:25:22.548 [FXGL Background Thread 3 ] DEBUG Engine               - isPauseMusicWhenMinimized: true
12:25:22.548 [FXGL Background Thread 3 ] DEBUG Engine               - isPreserveResizeRatio: false
12:25:22.548 [FXGL Background Thread 3 ] DEBUG Engine               - isProfilingEnabled: false
12:25:22.548 [FXGL Background Thread 3 ] DEBUG Engine               - isScaleAffectedOnResize: true
12:25:22.548 [FXGL Background Thread 3 ] DEBUG Engine               - isSingleStep: false
12:25:22.548 [FXGL Background Thread 3 ] DEBUG Engine               - isUserProfileEnabled: false
12:25:22.548 [FXGL Background Thread 3 ] DEBUG Engine               - isWindows: true
12:25:22.548 [FXGL Background Thread 3 ] DEBUG Engine               - language: ObjectProperty [value: ENGLISH]
12:25:22.548 [FXGL Background Thread 3 ] DEBUG Engine               - menuKey: ESCAPE
12:25:22.548 [FXGL Background Thread 3 ] DEBUG Engine               - mouseSensitivity: 0.2
12:25:22.548 [FXGL Background Thread 3 ] DEBUG Engine               - notificationViewClass: class com.almasb.fxgl.notification.view.XboxNotificationView
12:25:22.548 [FXGL Background Thread 3 ] DEBUG Engine               - pixelsPerMeter: 50.0
12:25:22.548 [FXGL Background Thread 3 ] DEBUG Engine               - platform: WINDOWS
12:25:22.548 [FXGL Background Thread 3 ] DEBUG Engine               - prefHeightProperty: ReadOnlyDoubleProperty [value: 720.0]
12:25:22.548 [FXGL Background Thread 3 ] DEBUG Engine               - prefWidthProperty: ReadOnlyDoubleProperty [value: 1280.0]
12:25:22.548 [FXGL Background Thread 3 ] DEBUG Engine               - profileDir: profiles/
12:25:22.548 [FXGL Background Thread 3 ] DEBUG Engine               - profileName: StringProperty [value: DEFAULT]
12:25:22.548 [FXGL Background Thread 3 ] DEBUG Engine               - randomSeed: -1
12:25:22.548 [FXGL Background Thread 3 ] DEBUG Engine               - runtimeInfo: RuntimeInfo(platform=WINDOWS, version=21.1, build=27.03.2024 07.52)
12:25:22.548 [FXGL Background Thread 3 ] DEBUG Engine               - saveFileExt: sav
12:25:22.548 [FXGL Background Thread 3 ] DEBUG Engine               - scaledHeightProp$fxgl: DoubleProperty [bound, value: 720.0]
12:25:22.548 [FXGL Background Thread 3 ] DEBUG Engine               - scaledWidthProp$fxgl: DoubleProperty [bound, value: 1280.0]
12:25:22.548 [FXGL Background Thread 3 ] DEBUG Engine               - sceneFactory: com.almasb.fxgl.app.scene.SceneFactory@5e7cfdd5
12:25:22.548 [FXGL Background Thread 3 ] DEBUG Engine               - secondsIn24h: 60
12:25:22.548 [FXGL Background Thread 3 ] DEBUG Engine               - soundMenuBack: menu/back.wav
12:25:22.548 [FXGL Background Thread 3 ] DEBUG Engine               - soundMenuPress: menu/press.wav
12:25:22.548 [FXGL Background Thread 3 ] DEBUG Engine               - soundMenuSelect: menu/select.wav
12:25:22.548 [FXGL Background Thread 3 ] DEBUG Engine               - soundNotification: core/notification.wav
12:25:22.548 [FXGL Background Thread 3 ] DEBUG Engine               - stageStyle: DECORATED
12:25:22.548 [FXGL Background Thread 3 ] DEBUG Engine               - supportedLanguages: [ENGLISH, FRENCH, GERMAN, HUNGARIAN, RUSSIAN]
12:25:22.548 [FXGL Background Thread 3 ] DEBUG Engine               - ticksPerSecond: -1
12:25:22.548 [FXGL Background Thread 3 ] DEBUG Engine               - title: TobeyMazes
12:25:22.548 [FXGL Background Thread 3 ] DEBUG Engine               - urlGithub: https://github.com/AlmasB/FXGL
12:25:22.548 [FXGL Background Thread 3 ] DEBUG Engine               - urlLeaderboard: http://fxgl-top.herokuapp.com/
12:25:22.548 [FXGL Background Thread 3 ] DEBUG Engine               - urlPOM: https://raw.githubusercontent.com/AlmasB/FXGL/release/README.md
12:25:22.548 [FXGL Background Thread 3 ] DEBUG Engine               - userAppClass: class sk.tuke.gamestudio.game.logicalmazes.ui.fxgl.FxglApp
12:25:22.548 [FXGL Background Thread 3 ] DEBUG Engine               - version: 0.9.45
12:25:22.548 [FXGL Background Thread 3 ] DEBUG Engine               - versionCheckDays: 7
12:25:22.548 [FXGL Background Thread 3 ] DEBUG Engine               - width: 1280
12:25:22.548 [FXGL Background Thread 3 ] DEBUG Engine               - Logging services
12:25:22.548 [FXGL Background Thread 3 ] DEBUG Engine               - class com.almasb.fxgl.app.services.FXGLAssetLoaderService
12:25:22.548 [FXGL Background Thread 3 ] DEBUG Engine               - class com.almasb.fxgl.app.FXGLApplication$GameApplicationService
12:25:22.548 [FXGL Background Thread 3 ] DEBUG Engine               - class com.almasb.fxgl.app.services.FXGLDialogService
12:25:22.548 [FXGL Background Thread 3 ] DEBUG Engine               - class com.almasb.fxgl.app.services.IOTaskExecutorService
12:25:22.548 [FXGL Background Thread 3 ] DEBUG Engine               - class com.almasb.fxgl.io.FileSystemService
12:25:22.548 [FXGL Background Thread 3 ] DEBUG Engine               - class com.almasb.fxgl.localization.LocalizationService
12:25:22.548 [FXGL Background Thread 3 ] DEBUG Engine               - class com.almasb.fxgl.app.services.SystemBundleService
12:25:22.549 [FXGL Background Thread 3 ] DEBUG Engine               - class com.almasb.fxgl.profile.SaveLoadService
12:25:22.549 [FXGL Background Thread 3 ] DEBUG Engine               - class com.almasb.fxgl.ui.FXGLUIFactoryServiceProvider
12:25:22.549 [FXGL Background Thread 3 ] DEBUG Engine               - class com.almasb.fxgl.ui.FXGLDialogFactoryServiceProvider
12:25:22.549 [FXGL Background Thread 3 ] DEBUG Engine               - class com.almasb.fxgl.audio.AudioPlayer
12:25:22.549 [FXGL Background Thread 3 ] DEBUG Engine               - class com.almasb.fxgl.notification.impl.NotificationServiceProvider
12:25:22.549 [FXGL Background Thread 3 ] DEBUG Engine               - class com.almasb.fxgl.achievement.AchievementService
12:25:22.549 [FXGL Background Thread 3 ] DEBUG Engine               - class com.almasb.fxgl.cutscene.CutsceneService
12:25:22.549 [FXGL Background Thread 3 ] DEBUG Engine               - class com.almasb.fxgl.minigames.MiniGameService
12:25:22.549 [FXGL Background Thread 3 ] DEBUG Engine               - class com.almasb.fxgl.net.NetService
12:25:22.549 [FXGL Background Thread 3 ] DEBUG Engine               - class com.almasb.fxgl.app.services.UpdaterService
12:25:22.549 [FXGL Background Thread 3 ] DEBUG Engine               - class com.almasb.fxgl.dev.DevService
12:25:30.587 [JavaFX Application Thread] DEBUG FXGLApplication      - Exiting FXGL
12:25:30.587 [JavaFX Application Thread] DEBUG LoopRunner           - Stopping loop
12:25:30.587 [JavaFX Application Thread] DEBUG SystemBundleService  - Saving FXGL system data
12:25:30.587 [JavaFX Application Thread] DEBUG FileSystemAccess     - Writing to: F:\programming\JavaProjects\gamestudio-10984\system\fxgl.bundle
12:25:30.588 [JavaFX Application Thread] DEBUG Async                - Shutting down background threads
12:25:30.588 [JavaFX Application Thread] DEBUG PrimaryStageWindow   - Closing main window
12:25:30.597 [JavaFX Application Thread] DEBUG Logger               - Closing Logger
