01:39:05.894 [main                     ] DEBUG Logger               - Configured Logger
01:39:05.903 [main                     ] DEBUG GameApplication      - Logging settings
Title: TobeyMazes
Version: 0.9.45
Width: 1280
Height: 720
Fullscreen: true
Intro: false
Profiling: false
Single step:false
App Mode: DEVELOPER
Menu Key: ESCAPE
Stage Style: DECORATED
Scene Factory: class com.almasb.fxgl.app.scene.SceneFactory

01:39:06.290 [JavaFX Application Thread] DEBUG FXGLApplication      - Initializing FXGL
01:39:06.291 [JavaFX Application Thread] INFO  Engine               - FXGL-21.1 (27.03.2024 07.52) on WINDOWS (J:21.0.8 FX:21.0.1)
01:39:06.291 [JavaFX Application Thread] DEBUG Engine               - JRE Vendor Name: Eclipse Adoptium
01:39:06.291 [JavaFX Application Thread] DEBUG Engine               - Running on OS: Windows 11 version 10.0
01:39:06.291 [JavaFX Application Thread] DEBUG Engine               - Architecture: amd64
01:39:06.291 [JavaFX Application Thread] INFO  Engine               - Source code and latest versions at: https://github.com/AlmasB/FXGL
01:39:06.291 [JavaFX Application Thread] INFO  Engine               -       Ask questions and discuss at: https://github.com/AlmasB/FXGL/discussions
01:39:06.291 [JavaFX Application Thread] INFO  Engine               -              Join the FXGL chat at: https://gitter.im/AlmasB/FXGL
01:39:06.360 [JavaFX Application Thread] DEBUG PrimaryStageWindow   - Creating a JavaFX scene
01:39:06.388 [JavaFX Application Thread] DEBUG PrimaryStageWindow   - Target settings size: 1280.0 x 720.0
01:39:06.388 [JavaFX Application Thread] DEBUG PrimaryStageWindow   - Scaled scene size:    1280.0 x 720.0
01:39:06.388 [JavaFX Application Thread] DEBUG PrimaryStageWindow   - Scaled ratio: (1.0, 1.0)
01:39:06.390 [JavaFX Application Thread] DEBUG PrimaryStageWindow   - Set initial scene to FXGLStartupScene
01:39:06.392 [JavaFX Application Thread] DEBUG PrimaryStageWindow   - Opening main window
01:39:06.487 [JavaFX Application Thread] DEBUG PrimaryStageWindow   - Window border size: (16.0, 39.0)
01:39:06.487 [JavaFX Application Thread] DEBUG PrimaryStageWindow   - Scaled size: 1280.0 x 720.0
01:39:06.487 [JavaFX Application Thread] DEBUG PrimaryStageWindow   - Scaled ratio: (1.0, 1.0)
01:39:06.487 [JavaFX Application Thread] DEBUG PrimaryStageWindow   - Scene size: 1280.0 x 720.0
01:39:06.487 [JavaFX Application Thread] DEBUG PrimaryStageWindow   - Stage size: 1296.0 x 759.0
01:39:06.492 [FXGL Background Thread 1 ] DEBUG Engine               - Initializing environment variables
01:39:06.523 [FXGL Background Thread 1 ] DEBUG FXGLAssetLoaderServi - User app class for loading assets: class sk.tuke.gamestudio.game.logicalmazes.ui.fxgl.FxglApp
01:39:06.525 [FXGL Background Thread 1 ] DEBUG GameApplicationServi - Applying CSS: fxgl_dark.css
01:39:06.525 [FXGL Background Thread 1 ] DEBUG FXGLAssetLoaderServi - Loading from file system: jar:file:/C:/Users/Valik/.m2/repository/com/github/almasb/fxgl/21.1/fxgl-21.1.jar!/fxglassets/ui/css/fxgl_dark.css
01:39:06.557 [FXGL Background Thread 1 ] DEBUG GameApplicationServi - Initializing application scenes
01:39:06.585 [FXGL Background Thread 1 ] DEBUG GameWorld            - Game world initialized
01:39:06.616 [FXGL Background Thread 1 ] DEBUG PhysicsWorld         - Physics world initialized: appHeight=720, physics.ppm=50.0
01:39:06.616 [FXGL Background Thread 1 ] DEBUG PhysicsWorld         - Using strategy: BRUTE_FORCE
01:39:06.617 [FXGL Background Thread 1 ] DEBUG GameScene            - Game scene initialized: 1280x720
01:39:06.626 [FXGL Background Thread 1 ] DEBUG FXGL.DefaultMenu     - createMenuBodyGameMenu()
01:39:06.635 [FXGL Background Thread 1 ] DEBUG FXGL.DefaultMenu     - createOptionsMenu()
01:39:06.642 [FXGL Background Thread 1 ] DEBUG FXGLAssetLoaderServi - Loading from file system: jar:file:/C:/Users/Valik/.m2/repository/com/github/almasb/fxgl/21.1/fxgl-21.1.jar!/fxglassets/textures/particles/smoke.png
01:39:06.690 [FXGL Background Thread 1 ] DEBUG FXGLAssetLoaderServi - Loading from file system: jar:file:/C:/Users/Valik/.m2/repository/com/github/almasb/fxgl/21.1/fxgl-21.1.jar!/fxglassets/textures/particles/trace_horizontal.png
01:39:06.698 [FXGL Background Thread 1 ] DEBUG GameApplicationServi - Application scenes initialized
01:39:06.710 [FXGL Background Thread 1 ] DEBUG SystemBundleService  - Loading FXGL system data
01:39:06.710 [FXGL Background Thread 1 ] DEBUG FileSystemAccess     - Reading from: F:\programming\JavaProjects\gamestudio-10984\system\fxgl.bundle
01:39:06.712 [FXGL Background Thread 1 ] DEBUG SystemBundleService  - Bundle FXGL: {}
01:39:06.714 [FXGL Background Thread 1 ] DEBUG UpdaterService       - Checking for updates
01:39:06.715 [FXGL Background Thread 4 ] DEBUG FXGLApplication      - Loading fonts
01:39:06.715 [FXGL Background Thread 4 ] DEBUG FXGLAssetLoaderServi - Loading from file system: jar:file:/C:/Users/Valik/.m2/repository/com/github/almasb/fxgl/21.1/fxgl-21.1.jar!/fxglassets/ui/fonts/VarelaRound-Regular.ttf
01:39:06.715 [FXGL Background Thread 1 ] DEBUG FXGLApplication      - Loading default localization
01:39:06.715 [FXGL Background Thread 1 ] DEBUG FXGLAssetLoaderServi - Loading from file system: jar:file:/C:/Users/Valik/.m2/repository/com/github/almasb/fxgl/21.1/fxgl-21.1.jar!/fxglassets/languages/english.lang
01:39:06.722 [FXGL Background Thread 4 ] DEBUG FXGLAssetLoaderServi - Loading from file system: jar:file:/C:/Users/Valik/.m2/repository/com/github/almasb/fxgl/21.1/fxgl-21.1.jar!/fxglassets/ui/fonts/Abel-Regular.ttf
01:39:06.723 [FXGL Background Thread 4 ] DEBUG FXGLAssetLoaderServi - Loading from file system: jar:file:/C:/Users/Valik/.m2/repository/com/github/almasb/fxgl/21.1/fxgl-21.1.jar!/fxglassets/ui/fonts/TerminalLandMono-Regular.otf
01:39:06.727 [FXGL Background Thread 4 ] DEBUG FXGLAssetLoaderServi - Loading from file system: jar:file:/C:/Users/Valik/.m2/repository/com/github/almasb/fxgl/21.1/fxgl-21.1.jar!/fxglassets/ui/fonts/Courier-Prime.ttf
01:39:06.730 [FXGL Background Thread 1 ] INFO  FXGLApplication      - FXGL initialization took: 0.238 sec
01:39:06.735 [JavaFX Application Thread] DEBUG Input                - Registered new binding: action0 - F11
01:39:06.737 [JavaFX Application Thread] DEBUG FXGLAssetLoaderServi - Loading from file system: jar:file:/C:/Users/Valik/.m2/repository/com/github/almasb/fxgl/21.1/fxgl-21.1.jar!/fxglassets/textures/fxgl_icon.png
01:39:06.747 [JavaFX Application Thread] DEBUG FXGLAssetLoaderServi - Loading from file system: jar:file:/C:/Users/Valik/.m2/repository/com/github/almasb/fxgl/21.1/fxgl-21.1.jar!/fxglassets/textures/fxgl_default_cursor.png
01:39:06.747 [JavaFX Application Thread] DEBUG Input                - Registered new binding: Screenshot - CTRL+8
01:39:06.748 [JavaFX Application Thread] DEBUG Input                - Registered new binding: System info dump - CTRL+9
01:39:06.748 [JavaFX Application Thread] DEBUG Input                - Registered new binding: Restart - CTRL+R
01:39:06.748 [JavaFX Application Thread] DEBUG Input                - Registered new binding: Toggle Debug Camera - CTRL+7
01:39:06.750 [JavaFX Application Thread] DEBUG LoopRunner           - Starting loop
01:39:06.750 [JavaFX Application Thread] DEBUG LoopRunner           - Initializing JavaFX AnimationTimerLoop
01:39:06.750 [JavaFX Application Thread] DEBUG GameApplicationServi - Starting new game
01:39:06.750 [JavaFX Application Thread] DEBUG Input                - Clearing active input actions
01:39:06.759 [JavaFX Application Thread] DEBUG GameApplicationServi - Removing overlay from FXGLStartupScene and adding to FXGLLoadingScene
01:39:06.759 [JavaFX Application Thread] DEBUG PrimaryStageWindow   - FXGLStartupScene -> FXGLLoadingScene
01:39:06.759 [JavaFX Application Thread] DEBUG GameApplicationServi - Clearing previous game
01:39:06.759 [JavaFX Application Thread] DEBUG GameScene            - Clearing game scene
01:39:06.759 [JavaFX Application Thread] DEBUG GameWorld            - Clearing game world
01:39:06.759 [JavaFX Application Thread] DEBUG PhysicsWorld         - Clearing physics world
01:39:06.760 [JavaFX Application Thread] DEBUG FXGLApplication      - Registering font factories with UI factory
01:39:06.760 [FXGL Background Thread 4 ] DEBUG FXGLApplication      - Initializing game
01:39:07.151 [FXGL Background Thread 2 ] INFO  UpdaterService       - Your current version:  21.1
01:39:07.151 [FXGL Background Thread 2 ] INFO  UpdaterService       - Latest stable version: 25
01:39:09.638 [FXGL Background Thread 4 ] INFO  FXGLApplication      - Game initialization took: 2.878 sec
01:39:09.639 [JavaFX Application Thread] DEBUG Input                - Clearing active input actions
01:39:09.642 [JavaFX Application Thread] DEBUG GameApplicationServi - Removing overlay from FXGLLoadingScene and adding to GameScene
01:39:09.642 [JavaFX Application Thread] DEBUG PrimaryStageWindow   - FXGLLoadingScene -> GameScene
01:39:09.660 [JavaFX Application Thread] DEBUG Input                - Registered new binding: NavUp - Up
01:39:09.660 [JavaFX Application Thread] DEBUG Input                - Registered new binding: NavDown - Down
01:39:09.660 [JavaFX Application Thread] DEBUG Input                - Registered new binding: NavLeft - Left
01:39:09.660 [JavaFX Application Thread] DEBUG Input                - Registered new binding: NavRight - Right
01:39:09.660 [JavaFX Application Thread] DEBUG Input                - Registered new binding: NavEnter - Enter
01:39:09.660 [JavaFX Application Thread] DEBUG Input                - Registered new binding: NavQuit - Q
01:39:09.716 [FXGL Background Thread 3 ] DEBUG Engine               - Logging environment variables
01:39:09.716 [FXGL Background Thread 3 ] DEBUG Engine               - achievements: []
01:39:09.716 [FXGL Background Thread 3 ] DEBUG Engine               - actualHeight: 720.0
01:39:09.716 [FXGL Background Thread 3 ] DEBUG Engine               - actualHeightProperty: ReadOnlyDoubleProperty [value: 720.0]
01:39:09.716 [FXGL Background Thread 3 ] DEBUG Engine               - actualWidth: 1280.0
01:39:09.716 [FXGL Background Thread 3 ] DEBUG Engine               - actualWidthProperty: ReadOnlyDoubleProperty [value: 1280.0]
01:39:09.716 [FXGL Background Thread 3 ] DEBUG Engine               - appIcon: fxgl_icon.png
01:39:09.716 [FXGL Background Thread 3 ] DEBUG Engine               - applicationMode: DEVELOPER
01:39:09.716 [FXGL Background Thread 3 ] DEBUG Engine               - cSSList: [fxgl_dark.css]
01:39:09.716 [FXGL Background Thread 3 ] DEBUG Engine               - collisionDetectionStrategy: BRUTE_FORCE
01:39:09.716 [FXGL Background Thread 3 ] DEBUG Engine               - configClass: Optional.empty
01:39:09.716 [FXGL Background Thread 3 ] DEBUG Engine               - credits: []
01:39:09.716 [FXGL Background Thread 3 ] DEBUG Engine               - defaultCursor: CursorInfo(imageName=fxgl_default_cursor.png, hotspotX=7.0, hotspotY=6.0)
01:39:09.717 [FXGL Background Thread 3 ] DEBUG Engine               - devBBoxColorProperty: ObjectProperty [value: 0xff0000ff]
01:39:09.717 [FXGL Background Thread 3 ] DEBUG Engine               - devEnableDebugCameraProperty: BooleanProperty [value: false]
01:39:09.717 [FXGL Background Thread 3 ] DEBUG Engine               - devSensorColorProperty: ObjectProperty [value: 0xffff00ff]
01:39:09.717 [FXGL Background Thread 3 ] DEBUG Engine               - devShowBBoxProperty: BooleanProperty [value: false]
01:39:09.717 [FXGL Background Thread 3 ] DEBUG Engine               - devShowPositionProperty: BooleanProperty [value: false]
01:39:09.717 [FXGL Background Thread 3 ] DEBUG Engine               - enabledMenuItems: []
01:39:09.717 [FXGL Background Thread 3 ] DEBUG Engine               - engineServices: [class com.almasb.fxgl.app.services.FXGLAssetLoaderService, class com.almasb.fxgl.app.FXGLApplication$GameApplicationService, class com.almasb.fxgl.app.services.FXGLDialogService, class com.almasb.fxgl.app.services.IOTaskExecutorService, class com.almasb.fxgl.io.FileSystemService, class com.almasb.fxgl.localization.LocalizationService, class com.almasb.fxgl.app.services.SystemBundleService, class com.almasb.fxgl.profile.SaveLoadService, class com.almasb.fxgl.ui.FXGLUIFactoryServiceProvider, class com.almasb.fxgl.ui.FXGLDialogFactoryServiceProvider, class com.almasb.fxgl.audio.AudioPlayer, class com.almasb.fxgl.notification.impl.NotificationServiceProvider, class com.almasb.fxgl.achievement.AchievementService, class com.almasb.fxgl.cutscene.CutsceneService, class com.almasb.fxgl.minigames.MiniGameService, class com.almasb.fxgl.net.NetService, class com.almasb.fxgl.app.services.UpdaterService, class com.almasb.fxgl.dev.DevService]
01:39:09.717 [FXGL Background Thread 3 ] DEBUG Engine               - fontGame: Abel-Regular.ttf
01:39:09.717 [FXGL Background Thread 3 ] DEBUG Engine               - fontMono: TerminalLandMono-Regular.otf
01:39:09.717 [FXGL Background Thread 3 ] DEBUG Engine               - fontSizeScaleUI: 1.0
01:39:09.717 [FXGL Background Thread 3 ] DEBUG Engine               - fontText: Courier-Prime.ttf
01:39:09.717 [FXGL Background Thread 3 ] DEBUG Engine               - fontUI: VarelaRound-Regular.ttf
01:39:09.717 [FXGL Background Thread 3 ] DEBUG Engine               - fullScreen: BooleanProperty [value: false]
01:39:09.717 [FXGL Background Thread 3 ] DEBUG Engine               - gameDifficulty: MEDIUM
01:39:09.717 [FXGL Background Thread 3 ] DEBUG Engine               - gameDifficultyProperty: ObjectProperty [value: MEDIUM]
01:39:09.717 [FXGL Background Thread 3 ] DEBUG Engine               - globalMusicVolume: 0.5
01:39:09.717 [FXGL Background Thread 3 ] DEBUG Engine               - globalMusicVolumeProperty: DoubleProperty [value: 0.5]
01:39:09.717 [FXGL Background Thread 3 ] DEBUG Engine               - globalSoundVolume: 0.5
01:39:09.717 [FXGL Background Thread 3 ] DEBUG Engine               - globalSoundVolumeProperty: DoubleProperty [value: 0.5]
01:39:09.718 [FXGL Background Thread 3 ] DEBUG Engine               - height: 720
01:39:09.718 [FXGL Background Thread 3 ] DEBUG Engine               - is3D: false
01:39:09.718 [FXGL Background Thread 3 ] DEBUG Engine               - isAndroid: false
01:39:09.718 [FXGL Background Thread 3 ] DEBUG Engine               - isBrowser: false
01:39:09.718 [FXGL Background Thread 3 ] DEBUG Engine               - isClickFeedbackEnabled: false
01:39:09.718 [FXGL Background Thread 3 ] DEBUG Engine               - isCloseConfirmation: false
01:39:09.718 [FXGL Background Thread 3 ] DEBUG Engine               - isDesktop: true
01:39:09.718 [FXGL Background Thread 3 ] DEBUG Engine               - isDeveloperMenuEnabled: false
01:39:09.718 [FXGL Background Thread 3 ] DEBUG Engine               - isEmbedded: false
01:39:09.718 [FXGL Background Thread 3 ] DEBUG Engine               - isEntityPreloadEnabled: true
01:39:09.718 [FXGL Background Thread 3 ] DEBUG Engine               - isExperimentalTiledLargeMap: false
01:39:09.718 [FXGL Background Thread 3 ] DEBUG Engine               - isFileSystemWriteAllowed: true
01:39:09.718 [FXGL Background Thread 3 ] DEBUG Engine               - isFullScreenAllowed: true
01:39:09.718 [FXGL Background Thread 3 ] DEBUG Engine               - isFullScreenFromStart: false
01:39:09.718 [FXGL Background Thread 3 ] DEBUG Engine               - isGameMenuEnabled: true
01:39:09.718 [FXGL Background Thread 3 ] DEBUG Engine               - isIOS: false
01:39:09.718 [FXGL Background Thread 3 ] DEBUG Engine               - isIntroEnabled: false
01:39:09.718 [FXGL Background Thread 3 ] DEBUG Engine               - isLinux: false
01:39:09.718 [FXGL Background Thread 3 ] DEBUG Engine               - isMac: false
01:39:09.718 [FXGL Background Thread 3 ] DEBUG Engine               - isMainMenuEnabled: false
01:39:09.718 [FXGL Background Thread 3 ] DEBUG Engine               - isManualResizeEnabled: true
01:39:09.718 [FXGL Background Thread 3 ] DEBUG Engine               - isMobile: false
01:39:09.718 [FXGL Background Thread 3 ] DEBUG Engine               - isNative: false
01:39:09.718 [FXGL Background Thread 3 ] DEBUG Engine               - isPauseMusicWhenMinimized: true
01:39:09.718 [FXGL Background Thread 3 ] DEBUG Engine               - isPreserveResizeRatio: false
01:39:09.718 [FXGL Background Thread 3 ] DEBUG Engine               - isProfilingEnabled: false
01:39:09.718 [FXGL Background Thread 3 ] DEBUG Engine               - isScaleAffectedOnResize: true
01:39:09.718 [FXGL Background Thread 3 ] DEBUG Engine               - isSingleStep: false
01:39:09.718 [FXGL Background Thread 3 ] DEBUG Engine               - isUserProfileEnabled: false
01:39:09.718 [FXGL Background Thread 3 ] DEBUG Engine               - isWindows: true
01:39:09.718 [FXGL Background Thread 3 ] DEBUG Engine               - language: ObjectProperty [value: ENGLISH]
01:39:09.718 [FXGL Background Thread 3 ] DEBUG Engine               - menuKey: ESCAPE
01:39:09.718 [FXGL Background Thread 3 ] DEBUG Engine               - mouseSensitivity: 0.2
01:39:09.718 [FXGL Background Thread 3 ] DEBUG Engine               - notificationViewClass: class com.almasb.fxgl.notification.view.XboxNotificationView
01:39:09.718 [FXGL Background Thread 3 ] DEBUG Engine               - pixelsPerMeter: 50.0
01:39:09.718 [FXGL Background Thread 3 ] DEBUG Engine               - platform: WINDOWS
01:39:09.718 [FXGL Background Thread 3 ] DEBUG Engine               - prefHeightProperty: ReadOnlyDoubleProperty [value: 720.0]
01:39:09.718 [FXGL Background Thread 3 ] DEBUG Engine               - prefWidthProperty: ReadOnlyDoubleProperty [value: 1280.0]
01:39:09.718 [FXGL Background Thread 3 ] DEBUG Engine               - profileDir: profiles/
01:39:09.718 [FXGL Background Thread 3 ] DEBUG Engine               - profileName: StringProperty [value: DEFAULT]
01:39:09.718 [FXGL Background Thread 3 ] DEBUG Engine               - randomSeed: -1
01:39:09.719 [FXGL Background Thread 3 ] DEBUG Engine               - runtimeInfo: RuntimeInfo(platform=WINDOWS, version=21.1, build=27.03.2024 07.52)
01:39:09.719 [FXGL Background Thread 3 ] DEBUG Engine               - saveFileExt: sav
01:39:09.719 [FXGL Background Thread 3 ] DEBUG Engine               - scaledHeightProp$fxgl: DoubleProperty [bound, value: 720.0]
01:39:09.719 [FXGL Background Thread 3 ] DEBUG Engine               - scaledWidthProp$fxgl: DoubleProperty [bound, value: 1280.0]
01:39:09.719 [FXGL Background Thread 3 ] DEBUG Engine               - sceneFactory: com.almasb.fxgl.app.scene.SceneFactory@47896ee9
01:39:09.719 [FXGL Background Thread 3 ] DEBUG Engine               - secondsIn24h: 60
01:39:09.719 [FXGL Background Thread 3 ] DEBUG Engine               - soundMenuBack: menu/back.wav
01:39:09.719 [FXGL Background Thread 3 ] DEBUG Engine               - soundMenuPress: menu/press.wav
01:39:09.719 [FXGL Background Thread 3 ] DEBUG Engine               - soundMenuSelect: menu/select.wav
01:39:09.719 [FXGL Background Thread 3 ] DEBUG Engine               - soundNotification: core/notification.wav
01:39:09.719 [FXGL Background Thread 3 ] DEBUG Engine               - stageStyle: DECORATED
01:39:09.719 [FXGL Background Thread 3 ] DEBUG Engine               - supportedLanguages: [ENGLISH, FRENCH, GERMAN, HUNGARIAN, RUSSIAN]
01:39:09.719 [FXGL Background Thread 3 ] DEBUG Engine               - ticksPerSecond: -1
01:39:09.719 [FXGL Background Thread 3 ] DEBUG Engine               - title: TobeyMazes
01:39:09.719 [FXGL Background Thread 3 ] DEBUG Engine               - urlGithub: https://github.com/AlmasB/FXGL
01:39:09.719 [FXGL Background Thread 3 ] DEBUG Engine               - urlLeaderboard: http://fxgl-top.herokuapp.com/
01:39:09.719 [FXGL Background Thread 3 ] DEBUG Engine               - urlPOM: https://raw.githubusercontent.com/AlmasB/FXGL/release/README.md
01:39:09.719 [FXGL Background Thread 3 ] DEBUG Engine               - userAppClass: class sk.tuke.gamestudio.game.logicalmazes.ui.fxgl.FxglApp
01:39:09.719 [FXGL Background Thread 3 ] DEBUG Engine               - version: 0.9.45
01:39:09.719 [FXGL Background Thread 3 ] DEBUG Engine               - versionCheckDays: 7
01:39:09.719 [FXGL Background Thread 3 ] DEBUG Engine               - width: 1280
01:39:09.719 [FXGL Background Thread 3 ] DEBUG Engine               - Logging services
01:39:09.719 [FXGL Background Thread 3 ] DEBUG Engine               - class com.almasb.fxgl.app.services.FXGLAssetLoaderService
01:39:09.719 [FXGL Background Thread 3 ] DEBUG Engine               - class com.almasb.fxgl.app.FXGLApplication$GameApplicationService
01:39:09.719 [FXGL Background Thread 3 ] DEBUG Engine               - class com.almasb.fxgl.app.services.FXGLDialogService
01:39:09.719 [FXGL Background Thread 3 ] DEBUG Engine               - class com.almasb.fxgl.app.services.IOTaskExecutorService
01:39:09.719 [FXGL Background Thread 3 ] DEBUG Engine               - class com.almasb.fxgl.io.FileSystemService
01:39:09.719 [FXGL Background Thread 3 ] DEBUG Engine               - class com.almasb.fxgl.localization.LocalizationService
01:39:09.719 [FXGL Background Thread 3 ] DEBUG Engine               - class com.almasb.fxgl.app.services.SystemBundleService
01:39:09.719 [FXGL Background Thread 3 ] DEBUG Engine               - class com.almasb.fxgl.profile.SaveLoadService
01:39:09.719 [FXGL Background Thread 3 ] DEBUG Engine               - class com.almasb.fxgl.ui.FXGLUIFactoryServiceProvider
01:39:09.719 [FXGL Background Thread 3 ] DEBUG Engine               - class com.almasb.fxgl.ui.FXGLDialogFactoryServiceProvider
01:39:09.719 [FXGL Background Thread 3 ] DEBUG Engine               - class com.almasb.fxgl.audio.AudioPlayer
01:39:09.719 [FXGL Background Thread 3 ] DEBUG Engine               - class com.almasb.fxgl.notification.impl.NotificationServiceProvider
01:39:09.719 [FXGL Background Thread 3 ] DEBUG Engine               - class com.almasb.fxgl.achievement.AchievementService
01:39:09.719 [FXGL Background Thread 3 ] DEBUG Engine               - class com.almasb.fxgl.cutscene.CutsceneService
01:39:09.719 [FXGL Background Thread 3 ] DEBUG Engine               - class com.almasb.fxgl.minigames.MiniGameService
01:39:09.719 [FXGL Background Thread 3 ] DEBUG Engine               - class com.almasb.fxgl.net.NetService
01:39:09.719 [FXGL Background Thread 3 ] DEBUG Engine               - class com.almasb.fxgl.app.services.UpdaterService
01:39:09.719 [FXGL Background Thread 3 ] DEBUG Engine               - class com.almasb.fxgl.dev.DevService
01:39:16.907 [JavaFX Application Thread] DEBUG FXGLApplication      - Exiting FXGL
01:39:16.907 [JavaFX Application Thread] DEBUG LoopRunner           - Stopping loop
01:39:16.907 [JavaFX Application Thread] DEBUG SystemBundleService  - Saving FXGL system data
01:39:16.908 [JavaFX Application Thread] DEBUG FileSystemAccess     - Writing to: F:\programming\JavaProjects\gamestudio-10984\system\fxgl.bundle
01:39:16.908 [JavaFX Application Thread] DEBUG Async                - Shutting down background threads
01:39:16.909 [JavaFX Application Thread] DEBUG PrimaryStageWindow   - Closing main window
01:39:16.920 [JavaFX Application Thread] DEBUG Logger               - Closing Logger
